c:\users\spart\documents\visual studio 2017\projects\armando\magic\magic\x64\debug\vc141.pdb
c:\users\spart\documents\visual studio 2017\projects\armando\magic\magic\x64\debug\vc141.idb
c:\users\spart\documents\visual studio 2017\projects\armando\magic\magic\x64\debug\view.obj
c:\users\spart\documents\visual studio 2017\projects\armando\magic\magic\x64\debug\types.obj
c:\users\spart\documents\visual studio 2017\projects\armando\magic\magic\x64\debug\player.obj
c:\users\spart\documents\visual studio 2017\projects\armando\magic\magic\x64\debug\mana.obj
c:\users\spart\documents\visual studio 2017\projects\armando\magic\magic\x64\debug\humanplayer.obj
c:\users\spart\documents\visual studio 2017\projects\armando\magic\magic\x64\debug\flipcard.obj
c:\users\spart\documents\visual studio 2017\projects\armando\magic\magic\x64\debug\controller.obj
c:\users\spart\documents\visual studio 2017\projects\armando\magic\magic\x64\debug\carddeck.obj
c:\users\spart\documents\visual studio 2017\projects\armando\magic\magic\x64\debug\card.obj
c:\users\spart\documents\visual studio 2017\projects\armando\magic\magic\x64\debug\app.obj
c:\users\spart\documents\visual studio 2017\projects\armando\magic\magic\x64\debug\aiplayer.obj
c:\users\spart\documents\visual studio 2017\projects\armando\magic\x64\debug\magic.ilk
c:\users\spart\documents\visual studio 2017\projects\armando\magic\x64\debug\magic.exe
c:\users\spart\documents\visual studio 2017\projects\armando\magic\x64\debug\magic.pdb
c:\users\spart\documents\visual studio 2017\projects\armando\magic\magic\x64\debug\magic.tlog\cl.command.1.tlog
c:\users\spart\documents\visual studio 2017\projects\armando\magic\magic\x64\debug\magic.tlog\cl.read.1.tlog
c:\users\spart\documents\visual studio 2017\projects\armando\magic\magic\x64\debug\magic.tlog\cl.write.1.tlog
c:\users\spart\documents\visual studio 2017\projects\armando\magic\magic\x64\debug\magic.tlog\link.command.1.tlog
c:\users\spart\documents\visual studio 2017\projects\armando\magic\magic\x64\debug\magic.tlog\link.read.1.tlog
c:\users\spart\documents\visual studio 2017\projects\armando\magic\magic\x64\debug\magic.tlog\link.write.1.tlog
